<?xml version="1.0" encoding="UTF-8"?>
<!-- Generated by org.testng.reporters.JUnitReportReporter -->
<testsuite hostname="Pun-145" failures="0" tests="1" name="naveen.javabaics.AppTest" time="0.016" errors="0" timestamp="2024-01-24T13:43:05 IST" skipped="0">
  <testcase classname="naveen.javabaics.AppTest" name="swap" time="0.016"/>
</testsuite> <!-- naveen.javabaics.AppTest -->
